<?xml version="1.0" encoding="UTF-8"?>
<!-- Generated by org.testng.reporters.JUnitReportReporter -->
<testsuite hostname="LAPTOP-MC4R20CB" failures="0" tests="1" name="com.ripplestreet.AllGetApis.AudienceControllerGetApi" time="1.706" errors="0" timestamp="2023-09-08T17:21:11 IST" skipped="0">
  <testcase classname="com.ripplestreet.AllGetApis.AudienceControllerGetApi" name="getParticipantsWithApplicationsForEvent" time="1.706"/>
</testsuite> <!-- com.ripplestreet.AllGetApis.AudienceControllerGetApi -->
