<?xml version="1.0" encoding="UTF-8"?>
<!-- Generated by org.testng.reporters.JUnitReportReporter -->
<testsuite hostname="LAPTOP-MC4R20CB" failures="0" tests="1" name="com.ripplestreet.AllGetApis.RewardControllerGetApi" time="2.267" errors="0" timestamp="2023-09-09T12:14:28 IST" skipped="0">
  <testcase classname="com.ripplestreet.AllGetApis.RewardControllerGetApi" name="getRewardCount" time="2.267"/>
</testsuite> <!-- com.ripplestreet.AllGetApis.RewardControllerGetApi -->
